D:\VsProjects\网分点表\GOOSE网分采集点文件生成工具\debug\cl.command.1.tlog
D:\VsProjects\网分点表\GOOSE网分采集点文件生成工具\debug\CL.read.1.tlog
D:\VsProjects\网分点表\GOOSE网分采集点文件生成工具\debug\CL.write.1.tlog
D:\VSPROJECTS\网分点表\GOOSE网分采集点文件生成工具\DEBUG\DTXY_SCD.EXE
D:\VSPROJECTS\网分点表\GOOSE网分采集点文件生成工具\DEBUG\DTXY_SCD.EXE.INTERMEDIATE.MANIFEST
D:\VSPROJECTS\网分点表\GOOSE网分采集点文件生成工具\DEBUG\DTXY_SCD.ILK
D:\VSPROJECTS\网分点表\GOOSE网分采集点文件生成工具\DEBUG\DTXY_SCD.PDB
D:\VsProjects\网分点表\GOOSE网分采集点文件生成工具\debug\dtxy_scd.vcxprojResolveAssemblyReference.cache
D:\VsProjects\网分点表\GOOSE网分采集点文件生成工具\debug\dtxy_scd.write.1.tlog
D:\VsProjects\网分点表\GOOSE网分采集点文件生成工具\debug\link.command.1.tlog
D:\VsProjects\网分点表\GOOSE网分采集点文件生成工具\debug\link.read.1.tlog
D:\VsProjects\网分点表\GOOSE网分采集点文件生成工具\debug\link.write.1.tlog
D:\VSPROJECTS\网分点表\GOOSE网分采集点文件生成工具\DEBUG\MAIN.OBJ
D:\VsProjects\网分点表\GOOSE网分采集点文件生成工具\debug\mt.command.1.tlog
D:\VsProjects\网分点表\GOOSE网分采集点文件生成工具\debug\mt.read.1.tlog
D:\VsProjects\网分点表\GOOSE网分采集点文件生成工具\debug\mt.write.1.tlog
D:\VSPROJECTS\网分点表\GOOSE网分采集点文件生成工具\DEBUG\SCD.OBJ
D:\VSPROJECTS\网分点表\GOOSE网分采集点文件生成工具\DEBUG\SCD_COMM.OBJ
D:\VSPROJECTS\网分点表\GOOSE网分采集点文件生成工具\DEBUG\SCD_COMMUNICATION.OBJ
D:\VSPROJECTS\网分点表\GOOSE网分采集点文件生成工具\DEBUG\SCD_DATATYPETEMPLATES.OBJ
D:\VSPROJECTS\网分点表\GOOSE网分采集点文件生成工具\DEBUG\SCD_IED.OBJ
D:\VSPROJECTS\网分点表\GOOSE网分采集点文件生成工具\DEBUG\SCD_INTERFACE.OBJ
D:\VSPROJECTS\网分点表\GOOSE网分采集点文件生成工具\VC100.PDB
debug\dtxy_scd.ilk
debug\dtxy_scd.pdb
