D:\VSPROJECTS\GOOSE网分采集点文件生成工具\RELEASE\DTXY_SCD.EXE
D:\VSPROJECTS\GOOSE网分采集点文件生成工具\RELEASE\DTXY_SCD.EXE.INTERMEDIATE.MANIFEST
D:\VSPROJECTS\GOOSE网分采集点文件生成工具\RELEASE\MAIN.OBJ
D:\VSPROJECTS\GOOSE网分采集点文件生成工具\RELEASE\SCD.OBJ
D:\VSPROJECTS\GOOSE网分采集点文件生成工具\RELEASE\SCD_COMM.OBJ
D:\VSPROJECTS\GOOSE网分采集点文件生成工具\RELEASE\SCD_COMMUNICATION.OBJ
D:\VSPROJECTS\GOOSE网分采集点文件生成工具\RELEASE\SCD_DATATYPETEMPLATES.OBJ
D:\VSPROJECTS\GOOSE网分采集点文件生成工具\RELEASE\SCD_IED.OBJ
D:\VSPROJECTS\GOOSE网分采集点文件生成工具\RELEASE\SCD_INTERFACE.OBJ
D:\VSPROJECTS\GOOSE网分采集点文件生成工具\VC100.PDB
D:\VsProjects\网分点表\GOOSE网分采集点文件生成工具\release\cl.command.1.tlog
D:\VsProjects\网分点表\GOOSE网分采集点文件生成工具\release\CL.read.1.tlog
D:\VsProjects\网分点表\GOOSE网分采集点文件生成工具\release\CL.write.1.tlog
D:\VsProjects\网分点表\GOOSE网分采集点文件生成工具\release\dtxy_scd.exe
D:\VsProjects\网分点表\GOOSE网分采集点文件生成工具\release\dtxy_scd.exe.intermediate.manifest
D:\VsProjects\网分点表\GOOSE网分采集点文件生成工具\release\dtxy_scd.write.1.tlog
D:\VsProjects\网分点表\GOOSE网分采集点文件生成工具\release\link.command.1.tlog
D:\VsProjects\网分点表\GOOSE网分采集点文件生成工具\release\link.read.1.tlog
D:\VsProjects\网分点表\GOOSE网分采集点文件生成工具\release\link.write.1.tlog
D:\VsProjects\网分点表\GOOSE网分采集点文件生成工具\release\main.obj
D:\VsProjects\网分点表\GOOSE网分采集点文件生成工具\release\mt.command.1.tlog
D:\VsProjects\网分点表\GOOSE网分采集点文件生成工具\release\mt.read.1.tlog
D:\VsProjects\网分点表\GOOSE网分采集点文件生成工具\release\mt.write.1.tlog
D:\VsProjects\网分点表\GOOSE网分采集点文件生成工具\release\scd.obj
D:\VsProjects\网分点表\GOOSE网分采集点文件生成工具\release\scd_comm.obj
D:\VsProjects\网分点表\GOOSE网分采集点文件生成工具\release\scd_Communication.obj
D:\VsProjects\网分点表\GOOSE网分采集点文件生成工具\release\scd_datatypetemplates.obj
D:\VsProjects\网分点表\GOOSE网分采集点文件生成工具\release\scd_ied.obj
D:\VsProjects\网分点表\GOOSE网分采集点文件生成工具\release\scd_interface.obj
